<?xml version="1.0" encoding="UTF-8"?>
<!-- Generated by org.testng.reporters.JUnitReportReporter -->
<testsuite hostname="Vishwa" failures="0" tests="1" name="chrome.Launch" time="2.384" errors="0" timestamp="2025-07-09T23:21:33 IST" skipped="0">
  <testcase classname="chrome.Launch" name="Test" time="2.384"/>
</testsuite> <!-- chrome.Launch -->
